
2024-03-19 16:10:57,272 [1] INFO  Microsoft.Hosting.Lifetime [?] - Now listening on: http://localhost:5108 

2024-03-19 16:10:57,416 [1] INFO  Microsoft.Hosting.Lifetime [0] - Application started. Press Ctrl+C to shut down. 

2024-03-19 16:10:57,422 [1] INFO  Microsoft.Hosting.Lifetime [0] - Hosting environment: Development 

2024-03-19 16:10:57,425 [1] INFO  Microsoft.Hosting.Lifetime [0] - Content root path: D:\programSoftware\file\c#\ASP.NET Core\AgiletyFramework\AgiletyFramework.WebApi 

2024-03-19 16:11:01,705 [7] ERROR Microsoft.AspNetCore.Diagnostics.DeveloperExceptionPageMiddleware [?] - An unhandled exception has occurred while executing the request. 
System.InvalidOperationException: Unable to resolve service for type 'AutoMapper.IMapper' while attempting to activate 'AgiletyFramework.WebApi.Controllers.TestController'.
   at Microsoft.Extensions.DependencyInjection.ActivatorUtilities.ThrowHelperUnableToResolveService(Type type, Type requiredBy)
   at lambda_method436(Closure, IServiceProvider, Object[])
   at Microsoft.AspNetCore.Mvc.Controllers.ControllerFactoryProvider.<>c__DisplayClass6_0.<CreateControllerFactory>g__CreateController|0(ControllerContext controllerContext)
   at Microsoft.AspNetCore.Mvc.Infrastructure.ControllerActionInvoker.Next(State& next, Scope& scope, Object& state, Boolean& isCompleted)
   at Microsoft.AspNetCore.Mvc.Infrastructure.ControllerActionInvoker.InvokeInnerFilterAsync()
--- End of stack trace from previous location ---
   at Microsoft.AspNetCore.Mvc.Infrastructure.ResourceInvoker.<InvokeFilterPipelineAsync>g__Awaited|20_0(ResourceInvoker invoker, Task lastTask, State next, Scope scope, Object state, Boolean isCompleted)
   at Microsoft.AspNetCore.Mvc.Infrastructure.ResourceInvoker.<InvokeAsync>g__Logged|17_1(ResourceInvoker invoker)
   at Microsoft.AspNetCore.Mvc.Infrastructure.ResourceInvoker.<InvokeAsync>g__Logged|17_1(ResourceInvoker invoker)
   at Microsoft.AspNetCore.Authorization.AuthorizationMiddleware.Invoke(HttpContext context)
   at Swashbuckle.AspNetCore.SwaggerUI.SwaggerUIMiddleware.Invoke(HttpContext httpContext)
   at Swashbuckle.AspNetCore.Swagger.SwaggerMiddleware.Invoke(HttpContext httpContext, ISwaggerProvider swaggerProvider)
   at Microsoft.AspNetCore.Authentication.AuthenticationMiddleware.Invoke(HttpContext context)
   at Microsoft.AspNetCore.Diagnostics.DeveloperExceptionPageMiddlewareImpl.Invoke(HttpContext context)

2024-03-19 16:12:06,251 [1] INFO  Microsoft.Hosting.Lifetime [?] - Now listening on: http://localhost:5108 

2024-03-19 16:12:06,369 [1] INFO  Microsoft.Hosting.Lifetime [0] - Application started. Press Ctrl+C to shut down. 

2024-03-19 16:12:06,373 [1] INFO  Microsoft.Hosting.Lifetime [0] - Hosting environment: Development 

2024-03-19 16:12:06,375 [1] INFO  Microsoft.Hosting.Lifetime [0] - Content root path: D:\programSoftware\file\c#\ASP.NET Core\AgiletyFramework\AgiletyFramework.WebApi 

2024-03-19 16:12:23,699 [9] INFO  Microsoft.EntityFrameworkCore.Database.Command [?] - Executed DbCommand (26ms) [Parameters=[], CommandType='Text', CommandTimeout='30']
SELECT TOP(1) [u].[UserId], [u].[Address], [u].[Email], [u].[Gender], [u].[Imageurl], [u].[LastLoginTime], [u].[Mobile], [u].[Name], [u].[Password], [u].[Phone], [u].[UserType], [u].[WeChat]
FROM [User] AS [u]
WHERE [u].[Name] = N'tempName' 
