
2024-04-17 09:10:43,481 [1] INFO  Microsoft.Hosting.Lifetime [?] - Now listening on: http://localhost:5108 

2024-04-17 09:10:43,600 [1] INFO  Microsoft.Hosting.Lifetime [0] - Application started. Press Ctrl+C to shut down. 

2024-04-17 09:10:43,605 [1] INFO  Microsoft.Hosting.Lifetime [0] - Hosting environment: Development 

2024-04-17 09:10:43,607 [1] INFO  Microsoft.Hosting.Lifetime [0] - Content root path: D:\programSoftware\file\c#\ASP.NET Core\AgiletyFramework\AgiletyFramework.WebApi 

2024-04-17 09:10:51,565 [5] INFO  Microsoft.EntityFrameworkCore.Database.Command [?] - Executed DbCommand (23ms) [Parameters=[], CommandType='Text', CommandTimeout='30']
SELECT [m].[Id], [m].[CreateTime], [m].[Icon], [m].[IsLeafNode], [m].[MenuText], [m].[MenuType], [m].[ModifyTime], [m].[ParentId], [m].[Status], [m].[VueFilePath], [m].[WebUrl], [m].[WebUrlName]
FROM [Menu] AS [m] 

2024-04-17 09:11:03,066 [9] INFO  Microsoft.EntityFrameworkCore.Database.Command [?] - Executed DbCommand (7ms) [Parameters=[], CommandType='Text', CommandTimeout='30']
SELECT [m].[Id], [m].[CreateTime], [m].[Icon], [m].[IsLeafNode], [m].[MenuText], [m].[MenuType], [m].[ModifyTime], [m].[ParentId], [m].[Status], [m].[VueFilePath], [m].[WebUrl], [m].[WebUrlName]
FROM [Menu] AS [m] 

2024-04-17 09:25:14,500 [1] INFO  Microsoft.Hosting.Lifetime [?] - Now listening on: http://localhost:5108 

2024-04-17 09:25:14,632 [1] INFO  Microsoft.Hosting.Lifetime [0] - Application started. Press Ctrl+C to shut down. 

2024-04-17 09:25:14,637 [1] INFO  Microsoft.Hosting.Lifetime [0] - Hosting environment: Development 

2024-04-17 09:25:14,640 [1] INFO  Microsoft.Hosting.Lifetime [0] - Content root path: D:\programSoftware\file\dotNet\ASP.NET Core\AgiletyFramework\AgiletyFramework.WebApi 

2024-04-17 09:26:45,596 [9] INFO  Microsoft.EntityFrameworkCore.Database.Command [?] - Executed DbCommand (23ms) [Parameters=[], CommandType='Text', CommandTimeout='30']
SELECT [m].[Id], [m].[CreateTime], [m].[Icon], [m].[IsLeafNode], [m].[MenuText], [m].[MenuType], [m].[ModifyTime], [m].[ParentId], [m].[Status], [m].[VueFilePath], [m].[WebUrl], [m].[WebUrlName]
FROM [Menu] AS [m] 

2024-04-17 09:26:51,686 [9] INFO  Microsoft.EntityFrameworkCore.Database.Command [?] - Executed DbCommand (2ms) [Parameters=[], CommandType='Text', CommandTimeout='30']
SELECT [m].[Id], [m].[CreateTime], [m].[Icon], [m].[IsLeafNode], [m].[MenuText], [m].[MenuType], [m].[ModifyTime], [m].[ParentId], [m].[Status], [m].[VueFilePath], [m].[WebUrl], [m].[WebUrlName]
FROM [Menu] AS [m] 

2024-04-17 09:26:52,041 [9] ERROR Microsoft.AspNetCore.Diagnostics.DeveloperExceptionPageMiddleware [?] - An unhandled exception has occurred while executing the request. 
System.IO.FileNotFoundException: Could not find file 'D:\programSoftware\file\dotNet\ASP.NET Core\AgiletyFramework\AgiletyFramework.WebApi\string'.
File name: 'D:\programSoftware\file\dotNet\ASP.NET Core\AgiletyFramework\AgiletyFramework.WebApi\string'
   at Microsoft.Win32.SafeHandles.SafeFileHandle.CreateFile(String fullPath, FileMode mode, FileAccess access, FileShare share, FileOptions options)
   at Microsoft.Win32.SafeHandles.SafeFileHandle.Open(String fullPath, FileMode mode, FileAccess access, FileShare share, FileOptions options, Int64 preallocationSize, Nullable`1 unixCreateMode)
   at System.IO.Strategies.OSFileStreamStrategy..ctor(String path, FileMode mode, FileAccess access, FileShare share, FileOptions options, Int64 preallocationSize, Nullable`1 unixCreateMode)
   at System.IO.Strategies.FileStreamHelpers.ChooseStrategyCore(String path, FileMode mode, FileAccess access, FileShare share, FileOptions options, Int64 preallocationSize, Nullable`1 unixCreateMode)
   at System.IO.FileStream..ctor(String path, FileMode mode)
   at AgiletyFramework.WebApi.Controllers.FileController.GetImage(String imagePath) in D:\programSoftware\file\dotNet\ASP.NET Core\AgiletyFramework\AgiletyFramework.WebApi\Controllers\FileController.cs:line 81
   at lambda_method585(Closure, Object)
   at Microsoft.AspNetCore.Mvc.Infrastructure.ActionMethodExecutor.TaskOfActionResultExecutor.Execute(ActionContext actionContext, IActionResultTypeMapper mapper, ObjectMethodExecutor executor, Object controller, Object[] arguments)
   at Microsoft.AspNetCore.Mvc.Infrastructure.ControllerActionInvoker.<InvokeActionMethodAsync>g__Logged|12_1(ControllerActionInvoker invoker)
   at Microsoft.AspNetCore.Mvc.Infrastructure.ControllerActionInvoker.<InvokeNextActionFilterAsync>g__Awaited|10_0(ControllerActionInvoker invoker, Task lastTask, State next, Scope scope, Object state, Boolean isCompleted)
   at Microsoft.AspNetCore.Mvc.Infrastructure.ControllerActionInvoker.Rethrow(ActionExecutedContextSealed context)
   at Microsoft.AspNetCore.Mvc.Infrastructure.ControllerActionInvoker.Next(State& next, Scope& scope, Object& state, Boolean& isCompleted)
   at Microsoft.AspNetCore.Mvc.Infrastructure.ControllerActionInvoker.InvokeInnerFilterAsync()
--- End of stack trace from previous location ---
   at Microsoft.AspNetCore.Mvc.Infrastructure.ResourceInvoker.<InvokeFilterPipelineAsync>g__Awaited|20_0(ResourceInvoker invoker, Task lastTask, State next, Scope scope, Object state, Boolean isCompleted)
   at Microsoft.AspNetCore.Mvc.Infrastructure.ResourceInvoker.<InvokeAsync>g__Logged|17_1(ResourceInvoker invoker)
   at Microsoft.AspNetCore.Mvc.Infrastructure.ResourceInvoker.<InvokeAsync>g__Logged|17_1(ResourceInvoker invoker)
   at Microsoft.AspNetCore.Authorization.AuthorizationMiddleware.Invoke(HttpContext context)
   at Microsoft.AspNetCore.Authentication.AuthenticationMiddleware.Invoke(HttpContext context)
   at Swashbuckle.AspNetCore.SwaggerUI.SwaggerUIMiddleware.Invoke(HttpContext httpContext)
   at Swashbuckle.AspNetCore.Swagger.SwaggerMiddleware.Invoke(HttpContext httpContext, ISwaggerProvider swaggerProvider)
   at Microsoft.AspNetCore.Diagnostics.DeveloperExceptionPageMiddlewareImpl.Invoke(HttpContext context)

2024-04-17 09:26:55,622 [18] INFO  Microsoft.EntityFrameworkCore.Database.Command [?] - Executed DbCommand (1ms) [Parameters=[], CommandType='Text', CommandTimeout='30']
SELECT [m].[Id], [m].[CreateTime], [m].[Icon], [m].[IsLeafNode], [m].[MenuText], [m].[MenuType], [m].[ModifyTime], [m].[ParentId], [m].[Status], [m].[VueFilePath], [m].[WebUrl], [m].[WebUrlName]
FROM [Menu] AS [m] 

2024-04-17 09:26:55,808 [11] INFO  Microsoft.EntityFrameworkCore.Database.Command [?] - Executed DbCommand (17ms) [Parameters=[@__p_0='?' (DbType = Int32), @__p_1='?' (DbType = Int32)], CommandType='Text', CommandTimeout='30']
SELECT [u].[Id], [u].[Address], [u].[CreateTime], [u].[Email], [u].[Gender], [u].[Imageurl], [u].[LastLoginTime], [u].[Mobile], [u].[ModifyTime], [u].[Name], [u].[Password], [u].[Phone], [u].[QQ], [u].[Status], [u].[UserType], [u].[WeChat]
FROM [User] AS [u]
ORDER BY [u].[Id] DESC
OFFSET @__p_0 ROWS FETCH NEXT @__p_1 ROWS ONLY 

2024-04-17 09:26:55,873 [11] INFO  Microsoft.EntityFrameworkCore.Database.Command [?] - Executed DbCommand (1ms) [Parameters=[], CommandType='Text', CommandTimeout='30']
SELECT COUNT(*)
FROM [User] AS [u] 

2024-04-17 09:26:56,645 [9] INFO  Microsoft.EntityFrameworkCore.Database.Command [?] - Executed DbCommand (0ms) [Parameters=[], CommandType='Text', CommandTimeout='30']
SELECT [m].[Id], [m].[CreateTime], [m].[Icon], [m].[IsLeafNode], [m].[MenuText], [m].[MenuType], [m].[ModifyTime], [m].[ParentId], [m].[Status], [m].[VueFilePath], [m].[WebUrl], [m].[WebUrlName]
FROM [Menu] AS [m] 

2024-04-17 09:26:57,591 [9] INFO  Microsoft.EntityFrameworkCore.Database.Command [?] - Executed DbCommand (0ms) [Parameters=[], CommandType='Text', CommandTimeout='30']
SELECT [m].[Id], [m].[CreateTime], [m].[Icon], [m].[IsLeafNode], [m].[MenuText], [m].[MenuType], [m].[ModifyTime], [m].[ParentId], [m].[Status], [m].[VueFilePath], [m].[WebUrl], [m].[WebUrlName]
FROM [Menu] AS [m] 

2024-04-17 09:26:58,465 [9] INFO  Microsoft.EntityFrameworkCore.Database.Command [?] - Executed DbCommand (0ms) [Parameters=[], CommandType='Text', CommandTimeout='30']
SELECT [m].[Id], [m].[CreateTime], [m].[Icon], [m].[IsLeafNode], [m].[MenuText], [m].[MenuType], [m].[ModifyTime], [m].[ParentId], [m].[Status], [m].[VueFilePath], [m].[WebUrl], [m].[WebUrlName]
FROM [Menu] AS [m] 

2024-04-17 09:26:58,565 [9] INFO  Microsoft.EntityFrameworkCore.Database.Command [?] - Executed DbCommand (4ms) [Parameters=[@__p_0='?' (DbType = Int32), @__p_1='?' (DbType = Int32)], CommandType='Text', CommandTimeout='30']
SELECT [s].[Id], [s].[CreateTime], [s].[Date], [s].[Exception], [s].[Level], [s].[Logger], [s].[Message], [s].[ModifyTime], [s].[Status], [s].[Thread]
FROM [SystemLog] AS [s]
ORDER BY [s].[CreateTime] DESC
OFFSET @__p_0 ROWS FETCH NEXT @__p_1 ROWS ONLY 

2024-04-17 09:26:58,581 [9] INFO  Microsoft.EntityFrameworkCore.Database.Command [?] - Executed DbCommand (1ms) [Parameters=[], CommandType='Text', CommandTimeout='30']
SELECT COUNT(*)
FROM [SystemLog] AS [s] 

2024-04-17 09:26:59,553 [11] INFO  Microsoft.EntityFrameworkCore.Database.Command [?] - Executed DbCommand (0ms) [Parameters=[], CommandType='Text', CommandTimeout='30']
SELECT [m].[Id], [m].[CreateTime], [m].[Icon], [m].[IsLeafNode], [m].[MenuText], [m].[MenuType], [m].[ModifyTime], [m].[ParentId], [m].[Status], [m].[VueFilePath], [m].[WebUrl], [m].[WebUrlName]
FROM [Menu] AS [m] 

2024-04-17 09:26:59,618 [11] INFO  Microsoft.EntityFrameworkCore.Database.Command [?] - Executed DbCommand (1ms) [Parameters=[@__p_0='?' (DbType = Int32), @__p_1='?' (DbType = Int32)], CommandType='Text', CommandTimeout='30']
SELECT [u].[Id], [u].[Address], [u].[CreateTime], [u].[Email], [u].[Gender], [u].[Imageurl], [u].[LastLoginTime], [u].[Mobile], [u].[ModifyTime], [u].[Name], [u].[Password], [u].[Phone], [u].[QQ], [u].[Status], [u].[UserType], [u].[WeChat]
FROM [User] AS [u]
ORDER BY [u].[Id] DESC
OFFSET @__p_0 ROWS FETCH NEXT @__p_1 ROWS ONLY 

2024-04-17 09:26:59,622 [11] INFO  Microsoft.EntityFrameworkCore.Database.Command [?] - Executed DbCommand (0ms) [Parameters=[], CommandType='Text', CommandTimeout='30']
SELECT COUNT(*)
FROM [User] AS [u] 

2024-04-17 09:27:03,021 [9] INFO  Microsoft.EntityFrameworkCore.Database.Command [?] - Executed DbCommand (0ms) [Parameters=[], CommandType='Text', CommandTimeout='30']
SELECT [m].[Id], [m].[CreateTime], [m].[Icon], [m].[IsLeafNode], [m].[MenuText], [m].[MenuType], [m].[ModifyTime], [m].[ParentId], [m].[Status], [m].[VueFilePath], [m].[WebUrl], [m].[WebUrlName]
FROM [Menu] AS [m] 

2024-04-17 09:27:05,167 [11] INFO  Microsoft.EntityFrameworkCore.Database.Command [?] - Executed DbCommand (1ms) [Parameters=[], CommandType='Text', CommandTimeout='30']
SELECT [m].[Id], [m].[CreateTime], [m].[Icon], [m].[IsLeafNode], [m].[MenuText], [m].[MenuType], [m].[ModifyTime], [m].[ParentId], [m].[Status], [m].[VueFilePath], [m].[WebUrl], [m].[WebUrlName]
FROM [Menu] AS [m] 

2024-04-17 09:27:05,326 [19] INFO  Microsoft.EntityFrameworkCore.Database.Command [?] - Executed DbCommand (0ms) [Parameters=[], CommandType='Text', CommandTimeout='30']
SELECT [m].[Id], [m].[CreateTime], [m].[Icon], [m].[IsLeafNode], [m].[MenuText], [m].[MenuType], [m].[ModifyTime], [m].[ParentId], [m].[Status], [m].[VueFilePath], [m].[WebUrl], [m].[WebUrlName]
FROM [Menu] AS [m] 

2024-04-17 09:27:05,553 [19] ERROR Microsoft.AspNetCore.Diagnostics.DeveloperExceptionPageMiddleware [?] - An unhandled exception has occurred while executing the request. 
System.IO.FileNotFoundException: Could not find file 'D:\programSoftware\file\dotNet\ASP.NET Core\AgiletyFramework\AgiletyFramework.WebApi\string'.
File name: 'D:\programSoftware\file\dotNet\ASP.NET Core\AgiletyFramework\AgiletyFramework.WebApi\string'
   at Microsoft.Win32.SafeHandles.SafeFileHandle.CreateFile(String fullPath, FileMode mode, FileAccess access, FileShare share, FileOptions options)
   at Microsoft.Win32.SafeHandles.SafeFileHandle.Open(String fullPath, FileMode mode, FileAccess access, FileShare share, FileOptions options, Int64 preallocationSize, Nullable`1 unixCreateMode)
   at System.IO.Strategies.OSFileStreamStrategy..ctor(String path, FileMode mode, FileAccess access, FileShare share, FileOptions options, Int64 preallocationSize, Nullable`1 unixCreateMode)
   at System.IO.Strategies.FileStreamHelpers.ChooseStrategyCore(String path, FileMode mode, FileAccess access, FileShare share, FileOptions options, Int64 preallocationSize, Nullable`1 unixCreateMode)
   at System.IO.FileStream..ctor(String path, FileMode mode)
   at AgiletyFramework.WebApi.Controllers.FileController.GetImage(String imagePath) in D:\programSoftware\file\dotNet\ASP.NET Core\AgiletyFramework\AgiletyFramework.WebApi\Controllers\FileController.cs:line 81
   at lambda_method585(Closure, Object)
   at Microsoft.AspNetCore.Mvc.Infrastructure.ActionMethodExecutor.TaskOfActionResultExecutor.Execute(ActionContext actionContext, IActionResultTypeMapper mapper, ObjectMethodExecutor executor, Object controller, Object[] arguments)
   at Microsoft.AspNetCore.Mvc.Infrastructure.ControllerActionInvoker.<InvokeActionMethodAsync>g__Logged|12_1(ControllerActionInvoker invoker)
   at Microsoft.AspNetCore.Mvc.Infrastructure.ControllerActionInvoker.<InvokeNextActionFilterAsync>g__Awaited|10_0(ControllerActionInvoker invoker, Task lastTask, State next, Scope scope, Object state, Boolean isCompleted)
   at Microsoft.AspNetCore.Mvc.Infrastructure.ControllerActionInvoker.Rethrow(ActionExecutedContextSealed context)
   at Microsoft.AspNetCore.Mvc.Infrastructure.ControllerActionInvoker.Next(State& next, Scope& scope, Object& state, Boolean& isCompleted)
   at Microsoft.AspNetCore.Mvc.Infrastructure.ControllerActionInvoker.InvokeInnerFilterAsync()
--- End of stack trace from previous location ---
   at Microsoft.AspNetCore.Mvc.Infrastructure.ResourceInvoker.<InvokeFilterPipelineAsync>g__Awaited|20_0(ResourceInvoker invoker, Task lastTask, State next, Scope scope, Object state, Boolean isCompleted)
   at Microsoft.AspNetCore.Mvc.Infrastructure.ResourceInvoker.<InvokeAsync>g__Logged|17_1(ResourceInvoker invoker)
   at Microsoft.AspNetCore.Mvc.Infrastructure.ResourceInvoker.<InvokeAsync>g__Logged|17_1(ResourceInvoker invoker)
   at Microsoft.AspNetCore.Authorization.AuthorizationMiddleware.Invoke(HttpContext context)
   at Microsoft.AspNetCore.Authentication.AuthenticationMiddleware.Invoke(HttpContext context)
   at Swashbuckle.AspNetCore.SwaggerUI.SwaggerUIMiddleware.Invoke(HttpContext httpContext)
   at Swashbuckle.AspNetCore.Swagger.SwaggerMiddleware.Invoke(HttpContext httpContext, ISwaggerProvider swaggerProvider)
   at Microsoft.AspNetCore.Diagnostics.DeveloperExceptionPageMiddlewareImpl.Invoke(HttpContext context)

2024-04-17 09:27:49,465 [3] INFO  Microsoft.EntityFrameworkCore.Database.Command [?] - Executed DbCommand (4ms) [Parameters=[], CommandType='Text', CommandTimeout='30']
SELECT [m].[Id], [m].[CreateTime], [m].[Icon], [m].[IsLeafNode], [m].[MenuText], [m].[MenuType], [m].[ModifyTime], [m].[ParentId], [m].[Status], [m].[VueFilePath], [m].[WebUrl], [m].[WebUrlName]
FROM [Menu] AS [m] 

2024-04-17 09:27:51,490 [3] INFO  Microsoft.EntityFrameworkCore.Database.Command [?] - Executed DbCommand (0ms) [Parameters=[], CommandType='Text', CommandTimeout='30']
SELECT [m].[Id], [m].[CreateTime], [m].[Icon], [m].[IsLeafNode], [m].[MenuText], [m].[MenuType], [m].[ModifyTime], [m].[ParentId], [m].[Status], [m].[VueFilePath], [m].[WebUrl], [m].[WebUrlName]
FROM [Menu] AS [m] 

2024-04-17 09:27:51,596 [22] INFO  Microsoft.EntityFrameworkCore.Database.Command [?] - Executed DbCommand (0ms) [Parameters=[@__p_0='?' (DbType = Int32), @__p_1='?' (DbType = Int32)], CommandType='Text', CommandTimeout='30']
SELECT [u].[Id], [u].[Address], [u].[CreateTime], [u].[Email], [u].[Gender], [u].[Imageurl], [u].[LastLoginTime], [u].[Mobile], [u].[ModifyTime], [u].[Name], [u].[Password], [u].[Phone], [u].[QQ], [u].[Status], [u].[UserType], [u].[WeChat]
FROM [User] AS [u]
ORDER BY [u].[Id] DESC
OFFSET @__p_0 ROWS FETCH NEXT @__p_1 ROWS ONLY 

2024-04-17 09:27:51,602 [22] INFO  Microsoft.EntityFrameworkCore.Database.Command [?] - Executed DbCommand (0ms) [Parameters=[], CommandType='Text', CommandTimeout='30']
SELECT COUNT(*)
FROM [User] AS [u] 

2024-04-17 09:27:51,846 [22] INFO  Microsoft.EntityFrameworkCore.Database.Command [?] - Executed DbCommand (0ms) [Parameters=[], CommandType='Text', CommandTimeout='30']
SELECT [m].[Id], [m].[CreateTime], [m].[Icon], [m].[IsLeafNode], [m].[MenuText], [m].[MenuType], [m].[ModifyTime], [m].[ParentId], [m].[Status], [m].[VueFilePath], [m].[WebUrl], [m].[WebUrlName]
FROM [Menu] AS [m] 

2024-04-17 09:27:52,246 [3] INFO  Microsoft.EntityFrameworkCore.Database.Command [?] - Executed DbCommand (0ms) [Parameters=[], CommandType='Text', CommandTimeout='30']
SELECT [m].[Id], [m].[CreateTime], [m].[Icon], [m].[IsLeafNode], [m].[MenuText], [m].[MenuType], [m].[ModifyTime], [m].[ParentId], [m].[Status], [m].[VueFilePath], [m].[WebUrl], [m].[WebUrlName]
FROM [Menu] AS [m] 

2024-04-17 09:27:52,574 [22] INFO  Microsoft.EntityFrameworkCore.Database.Command [?] - Executed DbCommand (0ms) [Parameters=[], CommandType='Text', CommandTimeout='30']
SELECT [m].[Id], [m].[CreateTime], [m].[Icon], [m].[IsLeafNode], [m].[MenuText], [m].[MenuType], [m].[ModifyTime], [m].[ParentId], [m].[Status], [m].[VueFilePath], [m].[WebUrl], [m].[WebUrlName]
FROM [Menu] AS [m] 

2024-04-17 09:27:52,649 [23] INFO  Microsoft.EntityFrameworkCore.Database.Command [?] - Executed DbCommand (1ms) [Parameters=[@__p_0='?' (DbType = Int32), @__p_1='?' (DbType = Int32)], CommandType='Text', CommandTimeout='30']
SELECT [s].[Id], [s].[CreateTime], [s].[Date], [s].[Exception], [s].[Level], [s].[Logger], [s].[Message], [s].[ModifyTime], [s].[Status], [s].[Thread]
FROM [SystemLog] AS [s]
ORDER BY [s].[CreateTime] DESC
OFFSET @__p_0 ROWS FETCH NEXT @__p_1 ROWS ONLY 

2024-04-17 09:27:52,653 [23] INFO  Microsoft.EntityFrameworkCore.Database.Command [?] - Executed DbCommand (0ms) [Parameters=[], CommandType='Text', CommandTimeout='30']
SELECT COUNT(*)
FROM [SystemLog] AS [s] 

2024-04-17 09:27:53,540 [23] INFO  Microsoft.EntityFrameworkCore.Database.Command [?] - Executed DbCommand (2ms) [Parameters=[], CommandType='Text', CommandTimeout='30']
SELECT [m].[Id], [m].[CreateTime], [m].[Icon], [m].[IsLeafNode], [m].[MenuText], [m].[MenuType], [m].[ModifyTime], [m].[ParentId], [m].[Status], [m].[VueFilePath], [m].[WebUrl], [m].[WebUrlName]
FROM [Menu] AS [m] 

2024-04-17 09:27:54,112 [3] INFO  Microsoft.EntityFrameworkCore.Database.Command [?] - Executed DbCommand (1ms) [Parameters=[], CommandType='Text', CommandTimeout='30']
SELECT [m].[Id], [m].[CreateTime], [m].[Icon], [m].[IsLeafNode], [m].[MenuText], [m].[MenuType], [m].[ModifyTime], [m].[ParentId], [m].[Status], [m].[VueFilePath], [m].[WebUrl], [m].[WebUrlName]
FROM [Menu] AS [m] 

2024-04-17 09:27:54,466 [22] INFO  Microsoft.EntityFrameworkCore.Database.Command [?] - Executed DbCommand (1ms) [Parameters=[], CommandType='Text', CommandTimeout='30']
SELECT [m].[Id], [m].[CreateTime], [m].[Icon], [m].[IsLeafNode], [m].[MenuText], [m].[MenuType], [m].[ModifyTime], [m].[ParentId], [m].[Status], [m].[VueFilePath], [m].[WebUrl], [m].[WebUrlName]
FROM [Menu] AS [m] 

2024-04-17 09:27:54,548 [22] INFO  Microsoft.EntityFrameworkCore.Database.Command [?] - Executed DbCommand (2ms) [Parameters=[@__p_0='?' (DbType = Int32), @__p_1='?' (DbType = Int32)], CommandType='Text', CommandTimeout='30']
SELECT [u].[Id], [u].[Address], [u].[CreateTime], [u].[Email], [u].[Gender], [u].[Imageurl], [u].[LastLoginTime], [u].[Mobile], [u].[ModifyTime], [u].[Name], [u].[Password], [u].[Phone], [u].[QQ], [u].[Status], [u].[UserType], [u].[WeChat]
FROM [User] AS [u]
ORDER BY [u].[Id] DESC
OFFSET @__p_0 ROWS FETCH NEXT @__p_1 ROWS ONLY 

2024-04-17 09:27:54,555 [22] INFO  Microsoft.EntityFrameworkCore.Database.Command [?] - Executed DbCommand (2ms) [Parameters=[], CommandType='Text', CommandTimeout='30']
SELECT COUNT(*)
FROM [User] AS [u] 

2024-04-17 09:27:55,254 [3] INFO  Microsoft.EntityFrameworkCore.Database.Command [?] - Executed DbCommand (1ms) [Parameters=[], CommandType='Text', CommandTimeout='30']
SELECT [m].[Id], [m].[CreateTime], [m].[Icon], [m].[IsLeafNode], [m].[MenuText], [m].[MenuType], [m].[ModifyTime], [m].[ParentId], [m].[Status], [m].[VueFilePath], [m].[WebUrl], [m].[WebUrlName]
FROM [Menu] AS [m] 

2024-04-17 09:27:55,730 [3] INFO  Microsoft.EntityFrameworkCore.Database.Command [?] - Executed DbCommand (1ms) [Parameters=[], CommandType='Text', CommandTimeout='30']
SELECT [m].[Id], [m].[CreateTime], [m].[Icon], [m].[IsLeafNode], [m].[MenuText], [m].[MenuType], [m].[ModifyTime], [m].[ParentId], [m].[Status], [m].[VueFilePath], [m].[WebUrl], [m].[WebUrlName]
FROM [Menu] AS [m] 

2024-04-17 09:27:55,794 [3] INFO  Microsoft.EntityFrameworkCore.Database.Command [?] - Executed DbCommand (1ms) [Parameters=[@__p_0='?' (DbType = Int32), @__p_1='?' (DbType = Int32)], CommandType='Text', CommandTimeout='30']
SELECT [u].[Id], [u].[Address], [u].[CreateTime], [u].[Email], [u].[Gender], [u].[Imageurl], [u].[LastLoginTime], [u].[Mobile], [u].[ModifyTime], [u].[Name], [u].[Password], [u].[Phone], [u].[QQ], [u].[Status], [u].[UserType], [u].[WeChat]
FROM [User] AS [u]
ORDER BY [u].[Id] DESC
OFFSET @__p_0 ROWS FETCH NEXT @__p_1 ROWS ONLY 

2024-04-17 09:27:55,799 [3] INFO  Microsoft.EntityFrameworkCore.Database.Command [?] - Executed DbCommand (1ms) [Parameters=[], CommandType='Text', CommandTimeout='30']
SELECT COUNT(*)
FROM [User] AS [u] 

2024-04-17 09:27:56,068 [23] INFO  Microsoft.EntityFrameworkCore.Database.Command [?] - Executed DbCommand (2ms) [Parameters=[], CommandType='Text', CommandTimeout='30']
SELECT [m].[Id], [m].[CreateTime], [m].[Icon], [m].[IsLeafNode], [m].[MenuText], [m].[MenuType], [m].[ModifyTime], [m].[ParentId], [m].[Status], [m].[VueFilePath], [m].[WebUrl], [m].[WebUrlName]
FROM [Menu] AS [m] 

2024-04-17 09:27:56,616 [22] INFO  Microsoft.EntityFrameworkCore.Database.Command [?] - Executed DbCommand (1ms) [Parameters=[], CommandType='Text', CommandTimeout='30']
SELECT [m].[Id], [m].[CreateTime], [m].[Icon], [m].[IsLeafNode], [m].[MenuText], [m].[MenuType], [m].[ModifyTime], [m].[ParentId], [m].[Status], [m].[VueFilePath], [m].[WebUrl], [m].[WebUrlName]
FROM [Menu] AS [m] 

2024-04-17 09:27:57,072 [20] INFO  Microsoft.EntityFrameworkCore.Database.Command [?] - Executed DbCommand (2ms) [Parameters=[], CommandType='Text', CommandTimeout='30']
SELECT [m].[Id], [m].[CreateTime], [m].[Icon], [m].[IsLeafNode], [m].[MenuText], [m].[MenuType], [m].[ModifyTime], [m].[ParentId], [m].[Status], [m].[VueFilePath], [m].[WebUrl], [m].[WebUrlName]
FROM [Menu] AS [m] 

2024-04-17 09:27:57,439 [20] INFO  Microsoft.EntityFrameworkCore.Database.Command [?] - Executed DbCommand (2ms) [Parameters=[], CommandType='Text', CommandTimeout='30']
SELECT [m].[Id], [m].[CreateTime], [m].[Icon], [m].[IsLeafNode], [m].[MenuText], [m].[MenuType], [m].[ModifyTime], [m].[ParentId], [m].[Status], [m].[VueFilePath], [m].[WebUrl], [m].[WebUrlName]
FROM [Menu] AS [m] 

2024-04-17 09:27:57,516 [3] INFO  Microsoft.EntityFrameworkCore.Database.Command [?] - Executed DbCommand (4ms) [Parameters=[@__p_0='?' (DbType = Int32), @__p_1='?' (DbType = Int32)], CommandType='Text', CommandTimeout='30']
SELECT [u].[Id], [u].[Address], [u].[CreateTime], [u].[Email], [u].[Gender], [u].[Imageurl], [u].[LastLoginTime], [u].[Mobile], [u].[ModifyTime], [u].[Name], [u].[Password], [u].[Phone], [u].[QQ], [u].[Status], [u].[UserType], [u].[WeChat]
FROM [User] AS [u]
ORDER BY [u].[Id] DESC
OFFSET @__p_0 ROWS FETCH NEXT @__p_1 ROWS ONLY 

2024-04-17 09:27:57,520 [3] INFO  Microsoft.EntityFrameworkCore.Database.Command [?] - Executed DbCommand (1ms) [Parameters=[], CommandType='Text', CommandTimeout='30']
SELECT COUNT(*)
FROM [User] AS [u] 

2024-04-17 09:28:03,629 [3] INFO  Microsoft.EntityFrameworkCore.Database.Command [?] - Executed DbCommand (1ms) [Parameters=[@__p_0='?' (DbType = Int32)], CommandType='Text', CommandTimeout='30']
SELECT [u].[Id], [u].[Address], [u].[CreateTime], [u].[Email], [u].[Gender], [u].[Imageurl], [u].[LastLoginTime], [u].[Mobile], [u].[ModifyTime], [u].[Name], [u].[Password], [u].[Phone], [u].[QQ], [u].[Status], [u].[UserType], [u].[WeChat]
FROM [User] AS [u]
ORDER BY [u].[Id] DESC
OFFSET @__p_0 ROWS FETCH NEXT @__p_0 ROWS ONLY 

2024-04-17 09:28:03,633 [3] INFO  Microsoft.EntityFrameworkCore.Database.Command [?] - Executed DbCommand (0ms) [Parameters=[], CommandType='Text', CommandTimeout='30']
SELECT COUNT(*)
FROM [User] AS [u] 

2024-04-17 09:28:04,083 [20] INFO  Microsoft.EntityFrameworkCore.Database.Command [?] - Executed DbCommand (0ms) [Parameters=[@__p_0='?' (DbType = Int32), @__p_1='?' (DbType = Int32)], CommandType='Text', CommandTimeout='30']
SELECT [u].[Id], [u].[Address], [u].[CreateTime], [u].[Email], [u].[Gender], [u].[Imageurl], [u].[LastLoginTime], [u].[Mobile], [u].[ModifyTime], [u].[Name], [u].[Password], [u].[Phone], [u].[QQ], [u].[Status], [u].[UserType], [u].[WeChat]
FROM [User] AS [u]
ORDER BY [u].[Id] DESC
OFFSET @__p_0 ROWS FETCH NEXT @__p_1 ROWS ONLY 

2024-04-17 09:28:04,087 [20] INFO  Microsoft.EntityFrameworkCore.Database.Command [?] - Executed DbCommand (0ms) [Parameters=[], CommandType='Text', CommandTimeout='30']
SELECT COUNT(*)
FROM [User] AS [u] 

2024-04-17 09:28:04,608 [20] INFO  Microsoft.EntityFrameworkCore.Database.Command [?] - Executed DbCommand (0ms) [Parameters=[@__p_0='?' (DbType = Int32), @__p_1='?' (DbType = Int32)], CommandType='Text', CommandTimeout='30']
SELECT [u].[Id], [u].[Address], [u].[CreateTime], [u].[Email], [u].[Gender], [u].[Imageurl], [u].[LastLoginTime], [u].[Mobile], [u].[ModifyTime], [u].[Name], [u].[Password], [u].[Phone], [u].[QQ], [u].[Status], [u].[UserType], [u].[WeChat]
FROM [User] AS [u]
ORDER BY [u].[Id] DESC
OFFSET @__p_0 ROWS FETCH NEXT @__p_1 ROWS ONLY 

2024-04-17 09:28:04,611 [20] INFO  Microsoft.EntityFrameworkCore.Database.Command [?] - Executed DbCommand (0ms) [Parameters=[], CommandType='Text', CommandTimeout='30']
SELECT COUNT(*)
FROM [User] AS [u] 

2024-04-17 09:28:04,974 [20] INFO  Microsoft.EntityFrameworkCore.Database.Command [?] - Executed DbCommand (0ms) [Parameters=[@__p_0='?' (DbType = Int32), @__p_1='?' (DbType = Int32)], CommandType='Text', CommandTimeout='30']
SELECT [u].[Id], [u].[Address], [u].[CreateTime], [u].[Email], [u].[Gender], [u].[Imageurl], [u].[LastLoginTime], [u].[Mobile], [u].[ModifyTime], [u].[Name], [u].[Password], [u].[Phone], [u].[QQ], [u].[Status], [u].[UserType], [u].[WeChat]
FROM [User] AS [u]
ORDER BY [u].[Id] DESC
OFFSET @__p_0 ROWS FETCH NEXT @__p_1 ROWS ONLY 

2024-04-17 09:28:04,978 [20] INFO  Microsoft.EntityFrameworkCore.Database.Command [?] - Executed DbCommand (0ms) [Parameters=[], CommandType='Text', CommandTimeout='30']
SELECT COUNT(*)
FROM [User] AS [u] 

2024-04-17 09:28:05,955 [20] INFO  Microsoft.EntityFrameworkCore.Database.Command [?] - Executed DbCommand (0ms) [Parameters=[@__p_0='?' (DbType = Int32), @__p_1='?' (DbType = Int32)], CommandType='Text', CommandTimeout='30']
SELECT [u].[Id], [u].[Address], [u].[CreateTime], [u].[Email], [u].[Gender], [u].[Imageurl], [u].[LastLoginTime], [u].[Mobile], [u].[ModifyTime], [u].[Name], [u].[Password], [u].[Phone], [u].[QQ], [u].[Status], [u].[UserType], [u].[WeChat]
FROM [User] AS [u]
ORDER BY [u].[Id] DESC
OFFSET @__p_0 ROWS FETCH NEXT @__p_1 ROWS ONLY 

2024-04-17 09:28:05,958 [20] INFO  Microsoft.EntityFrameworkCore.Database.Command [?] - Executed DbCommand (0ms) [Parameters=[], CommandType='Text', CommandTimeout='30']
SELECT COUNT(*)
FROM [User] AS [u] 

2024-04-17 11:04:08,490 [1] INFO  Microsoft.Hosting.Lifetime [?] - Now listening on: http://localhost:5108 

2024-04-17 11:04:08,594 [1] INFO  Microsoft.Hosting.Lifetime [0] - Application started. Press Ctrl+C to shut down. 

2024-04-17 11:04:08,598 [1] INFO  Microsoft.Hosting.Lifetime [0] - Hosting environment: Development 

2024-04-17 11:04:08,600 [1] INFO  Microsoft.Hosting.Lifetime [0] - Content root path: D:\programSoftware\file\dotNet\ASP.NET Core\AgiletyFramework\AgiletyFramework.WebApi 
