
2024-03-15 19:59:25,118 [1] INFO  Microsoft.Hosting.Lifetime [?] - Now listening on: http://localhost:5108 

2024-03-15 19:59:25,217 [1] INFO  Microsoft.Hosting.Lifetime [0] - Application started. Press Ctrl+C to shut down. 

2024-03-15 19:59:25,223 [1] INFO  Microsoft.Hosting.Lifetime [0] - Hosting environment: Development 

2024-03-15 19:59:25,225 [1] INFO  Microsoft.Hosting.Lifetime [0] - Content root path: D:\programSoftware\file\c#\ASP.NET Core\AgiletyFramework\AgiletyFramework.WebApi 

2024-03-15 19:59:26,588 [7] ERROR Microsoft.AspNetCore.Diagnostics.DeveloperExceptionPageMiddleware [?] - An unhandled exception has occurred while executing the request. 
Swashbuckle.AspNetCore.SwaggerGen.SwaggerGeneratorException: Ambiguous HTTP method for action - AgiletyFramework.WebApi.Controllers.TestController.test (AgiletyFramework.WebApi). Actions require an explicit HttpMethod binding for Swagger/OpenAPI 3.0
   at Swashbuckle.AspNetCore.SwaggerGen.SwaggerGenerator.GenerateOperations(IEnumerable`1 apiDescriptions, SchemaRepository schemaRepository)
   at Swashbuckle.AspNetCore.SwaggerGen.SwaggerGenerator.GeneratePaths(IEnumerable`1 apiDescriptions, SchemaRepository schemaRepository)
   at Swashbuckle.AspNetCore.SwaggerGen.SwaggerGenerator.GetSwaggerDocumentWithoutFilters(String documentName, String host, String basePath)
   at Swashbuckle.AspNetCore.SwaggerGen.SwaggerGenerator.GetSwaggerAsync(String documentName, String host, String basePath)
   at Swashbuckle.AspNetCore.Swagger.SwaggerMiddleware.Invoke(HttpContext httpContext, ISwaggerProvider swaggerProvider)
   at Microsoft.AspNetCore.Authentication.AuthenticationMiddleware.Invoke(HttpContext context)
   at Microsoft.AspNetCore.Diagnostics.DeveloperExceptionPageMiddlewareImpl.Invoke(HttpContext context)

2024-03-15 20:01:14,805 [1] INFO  Microsoft.Hosting.Lifetime [?] - Now listening on: http://localhost:5108 

2024-03-15 20:01:14,962 [1] INFO  Microsoft.Hosting.Lifetime [0] - Application started. Press Ctrl+C to shut down. 

2024-03-15 20:01:14,968 [1] INFO  Microsoft.Hosting.Lifetime [0] - Hosting environment: Development 

2024-03-15 20:01:14,970 [1] INFO  Microsoft.Hosting.Lifetime [0] - Content root path: D:\programSoftware\file\c#\ASP.NET Core\AgiletyFramework\AgiletyFramework.WebApi 

2024-03-15 20:04:39,820 [1] INFO  Microsoft.Hosting.Lifetime [?] - Now listening on: http://localhost:5108 

2024-03-15 20:04:39,959 [1] INFO  Microsoft.Hosting.Lifetime [0] - Application started. Press Ctrl+C to shut down. 

2024-03-15 20:04:39,963 [1] INFO  Microsoft.Hosting.Lifetime [0] - Hosting environment: Development 

2024-03-15 20:04:39,967 [1] INFO  Microsoft.Hosting.Lifetime [0] - Content root path: D:\programSoftware\file\c#\ASP.NET Core\AgiletyFramework\AgiletyFramework.WebApi 

2024-03-15 20:04:47,284 [7] INFO  AgiletyFramework.WebApi.Controllers.TestController [16] - AgiletyFramework.WebApi.Controllers.TestController 构造函数执行 

2024-03-15 20:04:47,306 [7] WARN  AgiletyFramework.WebApi.Controllers.TestController [17] - AgiletyFramework.WebApi.Controllers.TestController 构造函数执行 

2024-03-15 20:04:47,368 [7] INFO  AgiletyFramework.WebApi.Controllers.TestController [24] - AgiletyFramework.WebApi.Controllers.TestController 耶 

2024-03-15 20:04:47,373 [7] WARN  AgiletyFramework.WebApi.Controllers.TestController [25] - AgiletyFramework.WebApi.Controllers.TestController 耶耶行 

2024-03-15 20:06:15,527 [1] INFO  Microsoft.Hosting.Lifetime [0] - Application started. Press Ctrl+C to shut down. 

2024-03-15 20:06:15,638 [1] INFO  Microsoft.Hosting.Lifetime [0] - Hosting environment: Development 

2024-03-15 20:06:15,642 [1] INFO  Microsoft.Hosting.Lifetime [0] - Content root path: D:\programSoftware\file\c#\ASP.NET Core\AgiletyFramework\AgiletyFramework.WebApi 

2024-03-15 20:06:19,661 [5] INFO  AgiletyFramework.WebApi.Controllers.TestController [16] - AgiletyFramework.WebApi.Controllers.TestController 构造函数执行 

2024-03-15 20:06:19,682 [5] WARN  AgiletyFramework.WebApi.Controllers.TestController [17] - AgiletyFramework.WebApi.Controllers.TestController 构造函数执行 

2024-03-15 20:06:19,729 [5] INFO  AgiletyFramework.WebApi.Controllers.TestController [24] - AgiletyFramework.WebApi.Controllers.TestController 耶 

2024-03-15 20:06:19,734 [5] WARN  AgiletyFramework.WebApi.Controllers.TestController [25] - AgiletyFramework.WebApi.Controllers.TestController 耶耶行 

2024-03-15 20:06:39,613 [7] INFO  AgiletyFramework.WebApi.Controllers.TestController [16] - AgiletyFramework.WebApi.Controllers.TestController 构造函数执行 

2024-03-15 20:06:39,618 [7] WARN  AgiletyFramework.WebApi.Controllers.TestController [17] - AgiletyFramework.WebApi.Controllers.TestController 构造函数执行 

2024-03-15 20:06:39,638 [7] INFO  AgiletyFramework.WebApi.Controllers.TestController [24] - AgiletyFramework.WebApi.Controllers.TestController 耶 

2024-03-15 20:06:39,643 [7] WARN  AgiletyFramework.WebApi.Controllers.TestController [25] - AgiletyFramework.WebApi.Controllers.TestController 耶耶行 

2024-03-15 20:18:45,296 [1] INFO  Microsoft.Hosting.Lifetime [?] - Now listening on: http://localhost:5108 

2024-03-15 20:18:45,394 [1] INFO  Microsoft.Hosting.Lifetime [0] - Application started. Press Ctrl+C to shut down. 

2024-03-15 20:18:45,401 [1] INFO  Microsoft.Hosting.Lifetime [0] - Hosting environment: Development 

2024-03-15 20:18:45,404 [1] INFO  Microsoft.Hosting.Lifetime [0] - Content root path: D:\programSoftware\file\c#\ASP.NET Core\AgiletyFramework\AgiletyFramework.WebApi 

2024-03-15 20:19:44,693 [1] INFO  Microsoft.Hosting.Lifetime [?] - Now listening on: http://localhost:5108 

2024-03-15 20:19:44,787 [1] INFO  Microsoft.Hosting.Lifetime [0] - Application started. Press Ctrl+C to shut down. 

2024-03-15 20:19:44,790 [1] INFO  Microsoft.Hosting.Lifetime [0] - Hosting environment: Development 

2024-03-15 20:19:44,794 [1] INFO  Microsoft.Hosting.Lifetime [0] - Content root path: D:\programSoftware\file\c#\ASP.NET Core\AgiletyFramework\AgiletyFramework.WebApi 

2024-03-15 20:23:35,189 [1] INFO  Microsoft.Hosting.Lifetime [?] - Now listening on: http://localhost:5108 

2024-03-15 20:23:35,307 [1] INFO  Microsoft.Hosting.Lifetime [0] - Application started. Press Ctrl+C to shut down. 

2024-03-15 20:23:35,313 [1] INFO  Microsoft.Hosting.Lifetime [0] - Hosting environment: Development 

2024-03-15 20:23:35,317 [1] INFO  Microsoft.Hosting.Lifetime [0] - Content root path: D:\programSoftware\file\c#\ASP.NET Core\AgiletyFramework\AgiletyFramework.WebApi 

2024-03-15 20:24:08,057 [5] INFO  AgiletyFramework.WebApi.Controllers.TestController [16] - AgiletyFramework.WebApi.Controllers.TestController 构造函数执行 

2024-03-15 20:24:08,087 [5] WARN  AgiletyFramework.WebApi.Controllers.TestController [17] - AgiletyFramework.WebApi.Controllers.TestController 构造函数执行 

2024-03-15 20:24:08,137 [5] INFO  AgiletyFramework.WebApi.Controllers.TestController [24] - AgiletyFramework.WebApi.Controllers.TestController 耶 

2024-03-15 20:24:08,142 [5] WARN  AgiletyFramework.WebApi.Controllers.TestController [25] - AgiletyFramework.WebApi.Controllers.TestController 耶耶行 

2024-03-15 20:25:27,048 [1] INFO  Microsoft.Hosting.Lifetime [?] - Now listening on: http://localhost:5108 

2024-03-15 20:25:27,195 [1] INFO  Microsoft.Hosting.Lifetime [0] - Application started. Press Ctrl+C to shut down. 

2024-03-15 20:25:27,220 [1] INFO  Microsoft.Hosting.Lifetime [0] - Hosting environment: Development 

2024-03-15 20:25:27,222 [1] INFO  Microsoft.Hosting.Lifetime [0] - Content root path: D:\programSoftware\file\c#\ASP.NET Core\AgiletyFramework\AgiletyFramework.WebApi 

2024-03-15 20:25:36,379 [5] INFO  AgiletyFramework.WebApi.Controllers.TestController [16] - AgiletyFramework.WebApi.Controllers.TestController 构造函数执行 

2024-03-15 20:25:36,393 [5] WARN  AgiletyFramework.WebApi.Controllers.TestController [17] - AgiletyFramework.WebApi.Controllers.TestController 构造函数执行 

2024-03-15 20:25:36,440 [5] INFO  AgiletyFramework.WebApi.Controllers.TestController [24] - AgiletyFramework.WebApi.Controllers.TestController 耶 

2024-03-15 20:25:36,443 [5] WARN  AgiletyFramework.WebApi.Controllers.TestController [25] - AgiletyFramework.WebApi.Controllers.TestController 耶耶行 

2024-03-15 20:26:22,821 [1] INFO  Microsoft.Hosting.Lifetime [?] - Now listening on: http://localhost:5108 

2024-03-15 20:26:23,045 [1] INFO  Microsoft.Hosting.Lifetime [0] - Application started. Press Ctrl+C to shut down. 

2024-03-15 20:26:23,055 [1] INFO  Microsoft.Hosting.Lifetime [0] - Hosting environment: Development 

2024-03-15 20:26:23,058 [1] INFO  Microsoft.Hosting.Lifetime [0] - Content root path: D:\programSoftware\file\c#\ASP.NET Core\AgiletyFramework\AgiletyFramework.WebApi 

2024-03-15 20:42:27,634 [1] INFO  Microsoft.Hosting.Lifetime [?] - Now listening on: http://localhost:5108 

2024-03-15 20:42:27,745 [1] INFO  Microsoft.Hosting.Lifetime [0] - Application started. Press Ctrl+C to shut down. 

2024-03-15 20:42:27,754 [1] INFO  Microsoft.Hosting.Lifetime [0] - Hosting environment: Development 

2024-03-15 20:42:27,761 [1] INFO  Microsoft.Hosting.Lifetime [0] - Content root path: D:\programSoftware\file\c#\ASP.NET Core\AgiletyFramework\AgiletyFramework.WebApi 

2024-03-15 20:43:09,197 [1] INFO  Microsoft.Hosting.Lifetime [?] - Now listening on: http://localhost:5108 

2024-03-15 20:43:09,299 [1] INFO  Microsoft.Hosting.Lifetime [0] - Application started. Press Ctrl+C to shut down. 

2024-03-15 20:43:09,303 [1] INFO  Microsoft.Hosting.Lifetime [0] - Hosting environment: Development 

2024-03-15 20:43:09,306 [1] INFO  Microsoft.Hosting.Lifetime [0] - Content root path: D:\programSoftware\file\c#\ASP.NET Core\AgiletyFramework\AgiletyFramework.WebApi 

2024-03-15 20:43:44,049 [1] INFO  Microsoft.Hosting.Lifetime [?] - Now listening on: http://localhost:5108 

2024-03-15 20:43:44,156 [1] INFO  Microsoft.Hosting.Lifetime [0] - Application started. Press Ctrl+C to shut down. 

2024-03-15 20:43:44,162 [1] INFO  Microsoft.Hosting.Lifetime [0] - Hosting environment: Development 

2024-03-15 20:43:44,164 [1] INFO  Microsoft.Hosting.Lifetime [0] - Content root path: D:\programSoftware\file\c#\ASP.NET Core\AgiletyFramework\AgiletyFramework.WebApi 

2024-03-15 20:45:24,628 [1] INFO  Microsoft.Hosting.Lifetime [?] - Now listening on: http://localhost:5108 

2024-03-15 20:45:24,736 [1] INFO  Microsoft.Hosting.Lifetime [0] - Application started. Press Ctrl+C to shut down. 

2024-03-15 20:45:24,743 [1] INFO  Microsoft.Hosting.Lifetime [0] - Hosting environment: Development 

2024-03-15 20:45:24,747 [1] INFO  Microsoft.Hosting.Lifetime [0] - Content root path: D:\programSoftware\file\c#\ASP.NET Core\AgiletyFramework\AgiletyFramework.WebApi 

2024-03-15 20:45:58,682 [1] INFO  Microsoft.Hosting.Lifetime [?] - Now listening on: http://localhost:5108 

2024-03-15 20:45:58,810 [1] INFO  Microsoft.Hosting.Lifetime [0] - Application started. Press Ctrl+C to shut down. 

2024-03-15 20:45:58,818 [1] INFO  Microsoft.Hosting.Lifetime [0] - Hosting environment: Development 

2024-03-15 20:45:58,822 [1] INFO  Microsoft.Hosting.Lifetime [0] - Content root path: D:\programSoftware\file\c#\ASP.NET Core\AgiletyFramework\AgiletyFramework.WebApi 

2024-03-15 21:08:35,902 [1] INFO  Microsoft.Hosting.Lifetime [?] - Now listening on: http://localhost:5108 

2024-03-15 21:08:35,997 [1] INFO  Microsoft.Hosting.Lifetime [0] - Application started. Press Ctrl+C to shut down. 

2024-03-15 21:08:36,002 [1] INFO  Microsoft.Hosting.Lifetime [0] - Hosting environment: Development 

2024-03-15 21:08:36,004 [1] INFO  Microsoft.Hosting.Lifetime [0] - Content root path: D:\programSoftware\file\c#\ASP.NET Core\AgiletyFramework\AgiletyFramework.WebApi 
