
2024-03-21 16:15:02,060 [1] INFO  Microsoft.Hosting.Lifetime [?] - Now listening on: http://localhost:5108 

2024-03-21 16:15:02,212 [1] INFO  Microsoft.Hosting.Lifetime [0] - Application started. Press Ctrl+C to shut down. 

2024-03-21 16:15:02,216 [1] INFO  Microsoft.Hosting.Lifetime [0] - Hosting environment: Development 

2024-03-21 16:15:02,218 [1] INFO  Microsoft.Hosting.Lifetime [0] - Content root path: D:\programSoftware\file\c#\ASP.NET Core\AgiletyFramework\AgiletyFramework.WebApi 

2024-03-21 16:15:25,992 [5] ERROR Microsoft.AspNetCore.Diagnostics.DeveloperExceptionPageMiddleware [?] - An unhandled exception has occurred while executing the request. 
Autofac.Core.DependencyResolutionException: An exception was thrown while activating λ:AutoMapper.IMapper -> λ:AutoMapper.IConfigurationProvider.
 ---> System.MissingMethodException: Cannot dynamically create an instance of type 'AgiletyFramework.WebCore.AutoMapperExtend.AutoMapperConfig'. Reason: No parameterless constructor defined.
   at System.RuntimeType.ActivatorCache..ctor(RuntimeType rt)
   at System.RuntimeType.CreateInstanceDefaultCtor(Boolean publicOnly, Boolean wrapExceptions)
   at AutoMapper.MapperConfigurationExpression.AddProfile(Type profileType)
   at AutoMapper.MapperConfigurationExpression.AddMapsCore(IEnumerable`1 assembliesToScan)
   at AutoMapper.MapperConfigurationExpression.AddMaps(IEnumerable`1 assembliesToScan)
   at Microsoft.Extensions.DependencyInjection.ServiceCollectionExtensions.<>c__DisplayClass12_0.<AddAutoMapperClasses>b__5(MapperConfigurationExpression options)
   at Microsoft.Extensions.Options.OptionsFactory`1.Create(String name)
   at Microsoft.Extensions.Options.UnnamedOptionsManager`1.get_Value()
   at Microsoft.Extensions.DependencyInjection.ServiceCollectionExtensions.<>c.<AddAutoMapperClasses>b__12_2(IServiceProvider sp)
   at Autofac.Extensions.DependencyInjection.AutofacRegistration.<>c__DisplayClass3_0.<Register>b__0(IComponentContext context, IEnumerable`1 parameters)
   at Autofac.Core.Activators.Delegate.DelegateActivator.ActivateInstance(IComponentContext context, IEnumerable`1 parameters)
   at Autofac.Core.Activators.Delegate.DelegateActivator.<ConfigurePipeline>b__2_0(ResolveRequestContext context, Action`1 next)
   at Autofac.Core.Resolving.Pipeline.ResolvePipelineBuilder.<>c__DisplayClass14_0.<BuildPipeline>b__1(ResolveRequestContext context)
   at Autofac.Core.Resolving.Middleware.DisposalTrackingMiddleware.Execute(ResolveRequestContext context, Action`1 next)
   at Autofac.Core.Resolving.Pipeline.ResolvePipelineBuilder.<>c__DisplayClass14_0.<BuildPipeline>b__1(ResolveRequestContext context)
   at Autofac.Core.Resolving.Middleware.ActivatorErrorHandlingMiddleware.Execute(ResolveRequestContext context, Action`1 next)
   --- End of inner exception stack trace ---
   at Autofac.Core.Resolving.Middleware.ActivatorErrorHandlingMiddleware.Execute(ResolveRequestContext context, Action`1 next)
   at Autofac.Core.Resolving.Pipeline.ResolvePipelineBuilder.<>c__DisplayClass14_0.<BuildPipeline>b__1(ResolveRequestContext context)
   at Autofac.Core.Resolving.Pipeline.ResolvePipelineBuilder.<>c__DisplayClass14_0.<BuildPipeline>b__1(ResolveRequestContext context)
   at Autofac.Core.Resolving.Middleware.SharingMiddleware.Execute(ResolveRequestContext context, Action`1 next)
   at Autofac.Core.Resolving.Pipeline.ResolvePipelineBuilder.<>c__DisplayClass14_0.<BuildPipeline>b__1(ResolveRequestContext context)
   at Autofac.Core.Resolving.Pipeline.ResolvePipelineBuilder.<>c__DisplayClass14_0.<BuildPipeline>b__1(ResolveRequestContext context)
   at Autofac.Core.Resolving.Middleware.CircularDependencyDetectorMiddleware.Execute(ResolveRequestContext context, Action`1 next)
   at Autofac.Core.Resolving.Pipeline.ResolvePipelineBuilder.<>c__DisplayClass14_0.<BuildPipeline>b__1(ResolveRequestContext context)
   at Autofac.Core.Resolving.ResolveOperation.GetOrCreateInstance(ISharingLifetimeScope currentOperationScope, ResolveRequest& request)
   at Autofac.Core.Resolving.ResolveOperation.ExecuteOperation(ResolveRequest& request)
   at Autofac.Core.Resolving.ResolveOperation.Execute(ResolveRequest& request)
   at Autofac.Core.Lifetime.LifetimeScope.ResolveComponent(ResolveRequest& request)
   at Autofac.Core.Lifetime.LifetimeScope.Autofac.IComponentContext.ResolveComponent(ResolveRequest& request)
   at Autofac.ResolutionExtensions.TryResolveService(IComponentContext context, Service service, IEnumerable`1 parameters, Object& instance)
   at Autofac.ResolutionExtensions.ResolveOptionalService(IComponentContext context, Service service, IEnumerable`1 parameters)
   at Autofac.ResolutionExtensions.ResolveOptional(IComponentContext context, Type serviceType, IEnumerable`1 parameters)
   at Autofac.ResolutionExtensions.ResolveOptional(IComponentContext context, Type serviceType)
   at Autofac.Extensions.DependencyInjection.AutofacServiceProvider.GetService(Type serviceType)
   at lambda_method442(Closure, IServiceProvider, Object[])
   at Microsoft.AspNetCore.Mvc.Controllers.ControllerFactoryProvider.<>c__DisplayClass6_0.<CreateControllerFactory>g__CreateController|0(ControllerContext controllerContext)
   at Microsoft.AspNetCore.Mvc.Infrastructure.ControllerActionInvoker.Next(State& next, Scope& scope, Object& state, Boolean& isCompleted)
   at Microsoft.AspNetCore.Mvc.Infrastructure.ControllerActionInvoker.InvokeInnerFilterAsync()
--- End of stack trace from previous location ---
   at Microsoft.AspNetCore.Mvc.Infrastructure.ResourceInvoker.<InvokeFilterPipelineAsync>g__Awaited|20_0(ResourceInvoker invoker, Task lastTask, State next, Scope scope, Object state, Boolean isCompleted)
   at Microsoft.AspNetCore.Mvc.Infrastructure.ResourceInvoker.<InvokeAsync>g__Logged|17_1(ResourceInvoker invoker)
   at Microsoft.AspNetCore.Mvc.Infrastructure.ResourceInvoker.<InvokeAsync>g__Logged|17_1(ResourceInvoker invoker)
   at Microsoft.AspNetCore.Authorization.AuthorizationMiddleware.Invoke(HttpContext context)
   at Swashbuckle.AspNetCore.SwaggerUI.SwaggerUIMiddleware.Invoke(HttpContext httpContext)
   at Swashbuckle.AspNetCore.Swagger.SwaggerMiddleware.Invoke(HttpContext httpContext, ISwaggerProvider swaggerProvider)
   at Microsoft.AspNetCore.Authentication.AuthenticationMiddleware.Invoke(HttpContext context)
   at Microsoft.AspNetCore.Diagnostics.DeveloperExceptionPageMiddlewareImpl.Invoke(HttpContext context)

2024-03-21 16:16:31,012 [1] INFO  Microsoft.Hosting.Lifetime [?] - Now listening on: http://localhost:5108 

2024-03-21 16:16:31,085 [1] INFO  Microsoft.Hosting.Lifetime [0] - Application started. Press Ctrl+C to shut down. 

2024-03-21 16:16:31,087 [1] INFO  Microsoft.Hosting.Lifetime [0] - Hosting environment: Development 

2024-03-21 16:16:31,089 [1] INFO  Microsoft.Hosting.Lifetime [0] - Content root path: D:\programSoftware\file\c#\ASP.NET Core\AgiletyFramework\AgiletyFramework.WebApi 

2024-03-21 16:16:38,131 [7] ERROR Microsoft.AspNetCore.Diagnostics.DeveloperExceptionPageMiddleware [?] - An unhandled exception has occurred while executing the request. 
Autofac.Core.DependencyResolutionException: An exception was thrown while activating λ:AutoMapper.IMapper -> λ:AutoMapper.IConfigurationProvider.
 ---> System.MissingMethodException: Cannot dynamically create an instance of type 'AgiletyFramework.WebCore.AutoMapperExtend.AutoMapperConfig'. Reason: No parameterless constructor defined.
   at System.RuntimeType.ActivatorCache..ctor(RuntimeType rt)
   at System.RuntimeType.CreateInstanceDefaultCtor(Boolean publicOnly, Boolean wrapExceptions)
   at AutoMapper.MapperConfigurationExpression.AddProfile(Type profileType)
   at AutoMapper.MapperConfigurationExpression.AddMapsCore(IEnumerable`1 assembliesToScan)
   at AutoMapper.MapperConfigurationExpression.AddMaps(IEnumerable`1 assembliesToScan)
   at Microsoft.Extensions.DependencyInjection.ServiceCollectionExtensions.<>c__DisplayClass12_0.<AddAutoMapperClasses>b__5(MapperConfigurationExpression options)
   at Microsoft.Extensions.Options.OptionsFactory`1.Create(String name)
   at Microsoft.Extensions.Options.UnnamedOptionsManager`1.get_Value()
   at Microsoft.Extensions.DependencyInjection.ServiceCollectionExtensions.<>c.<AddAutoMapperClasses>b__12_2(IServiceProvider sp)
   at Autofac.Extensions.DependencyInjection.AutofacRegistration.<>c__DisplayClass3_0.<Register>b__0(IComponentContext context, IEnumerable`1 parameters)
   at Autofac.Core.Activators.Delegate.DelegateActivator.ActivateInstance(IComponentContext context, IEnumerable`1 parameters)
   at Autofac.Core.Activators.Delegate.DelegateActivator.<ConfigurePipeline>b__2_0(ResolveRequestContext context, Action`1 next)
   at Autofac.Core.Resolving.Middleware.DelegateMiddleware.Execute(ResolveRequestContext context, Action`1 next)
   at Autofac.Core.Resolving.Pipeline.ResolvePipelineBuilder.<>c__DisplayClass14_0.<BuildPipeline>b__1(ResolveRequestContext context)
   at Autofac.Core.Resolving.Middleware.DisposalTrackingMiddleware.Execute(ResolveRequestContext context, Action`1 next)
   at Autofac.Core.Resolving.Pipeline.ResolvePipelineBuilder.<>c__DisplayClass14_0.<BuildPipeline>b__1(ResolveRequestContext context)
   at Autofac.Core.Resolving.Middleware.ActivatorErrorHandlingMiddleware.Execute(ResolveRequestContext context, Action`1 next)
   --- End of inner exception stack trace ---
   at Autofac.Core.Resolving.Middleware.ActivatorErrorHandlingMiddleware.Execute(ResolveRequestContext context, Action`1 next)
   at Autofac.Core.Resolving.Pipeline.ResolvePipelineBuilder.<>c__DisplayClass14_0.<BuildPipeline>b__1(ResolveRequestContext context)
   at Autofac.Core.Pipeline.ResolvePipeline.Invoke(ResolveRequestContext context)
   at Autofac.Core.Resolving.Middleware.RegistrationPipelineInvokeMiddleware.Execute(ResolveRequestContext context, Action`1 next)
   at Autofac.Core.Resolving.Pipeline.ResolvePipelineBuilder.<>c__DisplayClass14_0.<BuildPipeline>b__1(ResolveRequestContext context)
   at Autofac.Core.Resolving.Middleware.SharingMiddleware.Execute(ResolveRequestContext context, Action`1 next)
   at Autofac.Core.Resolving.Pipeline.ResolvePipelineBuilder.<>c__DisplayClass14_0.<BuildPipeline>b__1(ResolveRequestContext context)
   at Autofac.Core.Resolving.Pipeline.ResolvePipelineBuilder.<>c__DisplayClass14_0.<BuildPipeline>b__1(ResolveRequestContext context)
   at Autofac.Core.Resolving.Middleware.CircularDependencyDetectorMiddleware.Execute(ResolveRequestContext context, Action`1 next)
   at Autofac.Core.Resolving.Pipeline.ResolvePipelineBuilder.<>c__DisplayClass14_0.<BuildPipeline>b__1(ResolveRequestContext context)
   at Autofac.Core.Pipeline.ResolvePipeline.Invoke(ResolveRequestContext context)
   at Autofac.Core.Resolving.ResolveOperation.GetOrCreateInstance(ISharingLifetimeScope currentOperationScope, ResolveRequest& request)
   at Autofac.Core.Resolving.ResolveOperation.ExecuteOperation(ResolveRequest& request)
   at Autofac.Core.Resolving.ResolveOperation.Execute(ResolveRequest& request)
   at Autofac.Core.Lifetime.LifetimeScope.ResolveComponent(ResolveRequest& request)
   at Autofac.Core.Lifetime.LifetimeScope.Autofac.IComponentContext.ResolveComponent(ResolveRequest& request)
   at Autofac.ResolutionExtensions.TryResolveService(IComponentContext context, Service service, IEnumerable`1 parameters, Object& instance)
   at Autofac.ResolutionExtensions.ResolveOptionalService(IComponentContext context, Service service, IEnumerable`1 parameters)
   at Autofac.ResolutionExtensions.ResolveOptional(IComponentContext context, Type serviceType, IEnumerable`1 parameters)
   at Autofac.ResolutionExtensions.ResolveOptional(IComponentContext context, Type serviceType)
   at Autofac.Extensions.DependencyInjection.AutofacServiceProvider.GetService(Type serviceType)
   at lambda_method442(Closure, IServiceProvider, Object[])
   at Microsoft.AspNetCore.Mvc.Controllers.ControllerFactoryProvider.<>c__DisplayClass6_0.<CreateControllerFactory>g__CreateController|0(ControllerContext controllerContext)
   at Microsoft.AspNetCore.Mvc.Infrastructure.ControllerActionInvoker.Next(State& next, Scope& scope, Object& state, Boolean& isCompleted)
   at Microsoft.AspNetCore.Mvc.Infrastructure.ControllerActionInvoker.InvokeInnerFilterAsync()
--- End of stack trace from previous location ---
   at Microsoft.AspNetCore.Mvc.Infrastructure.ResourceInvoker.<InvokeFilterPipelineAsync>g__Awaited|20_0(ResourceInvoker invoker, Task lastTask, State next, Scope scope, Object state, Boolean isCompleted)
   at Microsoft.AspNetCore.Mvc.Infrastructure.ResourceInvoker.<InvokeAsync>g__Logged|17_1(ResourceInvoker invoker)
   at Microsoft.AspNetCore.Mvc.Infrastructure.ResourceInvoker.<InvokeAsync>g__Logged|17_1(ResourceInvoker invoker)
   at Microsoft.AspNetCore.Authorization.AuthorizationMiddleware.Invoke(HttpContext context)
   at Swashbuckle.AspNetCore.SwaggerUI.SwaggerUIMiddleware.Invoke(HttpContext httpContext)
   at Swashbuckle.AspNetCore.Swagger.SwaggerMiddleware.Invoke(HttpContext httpContext, ISwaggerProvider swaggerProvider)
   at Microsoft.AspNetCore.Authentication.AuthenticationMiddleware.Invoke(HttpContext context)
   at Microsoft.AspNetCore.Diagnostics.DeveloperExceptionPageMiddlewareImpl.Invoke(HttpContext context)

2024-03-21 16:17:56,593 [1] INFO  Microsoft.Hosting.Lifetime [?] - Now listening on: http://localhost:5108 

2024-03-21 16:17:56,670 [1] INFO  Microsoft.Hosting.Lifetime [0] - Application started. Press Ctrl+C to shut down. 

2024-03-21 16:17:56,683 [1] INFO  Microsoft.Hosting.Lifetime [0] - Hosting environment: Development 

2024-03-21 16:17:56,684 [1] INFO  Microsoft.Hosting.Lifetime [0] - Content root path: D:\programSoftware\file\c#\ASP.NET Core\AgiletyFramework\AgiletyFramework.WebApi 

2024-03-21 16:18:43,021 [1] INFO  Microsoft.Hosting.Lifetime [?] - Now listening on: http://localhost:5108 

2024-03-21 16:18:43,092 [1] INFO  Microsoft.Hosting.Lifetime [0] - Application started. Press Ctrl+C to shut down. 

2024-03-21 16:18:43,095 [1] INFO  Microsoft.Hosting.Lifetime [0] - Hosting environment: Development 

2024-03-21 16:18:43,096 [1] INFO  Microsoft.Hosting.Lifetime [0] - Content root path: D:\programSoftware\file\c#\ASP.NET Core\AgiletyFramework\AgiletyFramework.WebApi 

2024-03-21 16:18:49,037 [5] ERROR Microsoft.AspNetCore.Diagnostics.DeveloperExceptionPageMiddleware [?] - An unhandled exception has occurred while executing the request. 
Autofac.Core.DependencyResolutionException: An exception was thrown while activating λ:AutoMapper.IMapper -> λ:AutoMapper.IConfigurationProvider.
 ---> System.MissingMethodException: Cannot dynamically create an instance of type 'AgiletyFramework.WebCore.AutoMapperExtend.AutoMapperConfig'. Reason: No parameterless constructor defined.
   at System.RuntimeType.ActivatorCache..ctor(RuntimeType rt)
   at System.RuntimeType.CreateInstanceDefaultCtor(Boolean publicOnly, Boolean wrapExceptions)
   at AutoMapper.MapperConfigurationExpression.AddProfile(Type profileType)
   at AutoMapper.MapperConfigurationExpression.AddMapsCore(IEnumerable`1 assembliesToScan)
   at AutoMapper.MapperConfigurationExpression.AddMaps(IEnumerable`1 assembliesToScan)
   at Microsoft.Extensions.DependencyInjection.ServiceCollectionExtensions.<>c__DisplayClass12_0.<AddAutoMapperClasses>b__5(MapperConfigurationExpression options)
   at Microsoft.Extensions.Options.OptionsFactory`1.Create(String name)
   at Microsoft.Extensions.Options.UnnamedOptionsManager`1.get_Value()
   at Microsoft.Extensions.DependencyInjection.ServiceCollectionExtensions.<>c.<AddAutoMapperClasses>b__12_2(IServiceProvider sp)
   at Autofac.Extensions.DependencyInjection.AutofacRegistration.<>c__DisplayClass3_0.<Register>b__0(IComponentContext context, IEnumerable`1 parameters)
   at Autofac.Core.Activators.Delegate.DelegateActivator.ActivateInstance(IComponentContext context, IEnumerable`1 parameters)
   at Autofac.Core.Activators.Delegate.DelegateActivator.<ConfigurePipeline>b__2_0(ResolveRequestContext context, Action`1 next)
   at Autofac.Core.Resolving.Middleware.DelegateMiddleware.Execute(ResolveRequestContext context, Action`1 next)
   at Autofac.Core.Resolving.Pipeline.ResolvePipelineBuilder.<>c__DisplayClass14_0.<BuildPipeline>b__1(ResolveRequestContext context)
   at Autofac.Core.Resolving.Middleware.DisposalTrackingMiddleware.Execute(ResolveRequestContext context, Action`1 next)
   at Autofac.Core.Resolving.Pipeline.ResolvePipelineBuilder.<>c__DisplayClass14_0.<BuildPipeline>b__1(ResolveRequestContext context)
   at Autofac.Core.Resolving.Middleware.ActivatorErrorHandlingMiddleware.Execute(ResolveRequestContext context, Action`1 next)
   --- End of inner exception stack trace ---
   at Autofac.Core.Resolving.Middleware.ActivatorErrorHandlingMiddleware.Execute(ResolveRequestContext context, Action`1 next)
   at Autofac.Core.Resolving.Pipeline.ResolvePipelineBuilder.<>c__DisplayClass14_0.<BuildPipeline>b__1(ResolveRequestContext context)
   at Autofac.Core.Pipeline.ResolvePipeline.Invoke(ResolveRequestContext context)
   at Autofac.Core.Resolving.Middleware.RegistrationPipelineInvokeMiddleware.Execute(ResolveRequestContext context, Action`1 next)
   at Autofac.Core.Resolving.Pipeline.ResolvePipelineBuilder.<>c__DisplayClass14_0.<BuildPipeline>b__1(ResolveRequestContext context)
   at Autofac.Core.Resolving.Middleware.SharingMiddleware.Execute(ResolveRequestContext context, Action`1 next)
   at Autofac.Core.Resolving.Pipeline.ResolvePipelineBuilder.<>c__DisplayClass14_0.<BuildPipeline>b__1(ResolveRequestContext context)
   at Autofac.Core.Resolving.Pipeline.ResolvePipelineBuilder.<>c__DisplayClass14_0.<BuildPipeline>b__1(ResolveRequestContext context)
   at Autofac.Core.Resolving.Middleware.CircularDependencyDetectorMiddleware.Execute(ResolveRequestContext context, Action`1 next)
   at Autofac.Core.Resolving.Pipeline.ResolvePipelineBuilder.<>c__DisplayClass14_0.<BuildPipeline>b__1(ResolveRequestContext context)
   at Autofac.Core.Pipeline.ResolvePipeline.Invoke(ResolveRequestContext context)
   at Autofac.Core.Resolving.ResolveOperation.GetOrCreateInstance(ISharingLifetimeScope currentOperationScope, ResolveRequest& request)
   at Autofac.Core.Resolving.ResolveOperation.ExecuteOperation(ResolveRequest& request)
   at Autofac.Core.Resolving.ResolveOperation.Execute(ResolveRequest& request)
   at Autofac.Core.Lifetime.LifetimeScope.ResolveComponent(ResolveRequest& request)
   at Autofac.Core.Lifetime.LifetimeScope.Autofac.IComponentContext.ResolveComponent(ResolveRequest& request)
   at Autofac.ResolutionExtensions.TryResolveService(IComponentContext context, Service service, IEnumerable`1 parameters, Object& instance)
   at Autofac.ResolutionExtensions.ResolveOptionalService(IComponentContext context, Service service, IEnumerable`1 parameters)
   at Autofac.ResolutionExtensions.ResolveOptional(IComponentContext context, Type serviceType, IEnumerable`1 parameters)
   at Autofac.ResolutionExtensions.ResolveOptional(IComponentContext context, Type serviceType)
   at Autofac.Extensions.DependencyInjection.AutofacServiceProvider.GetService(Type serviceType)
   at lambda_method442(Closure, IServiceProvider, Object[])
   at Microsoft.AspNetCore.Mvc.Controllers.ControllerFactoryProvider.<>c__DisplayClass6_0.<CreateControllerFactory>g__CreateController|0(ControllerContext controllerContext)
   at Microsoft.AspNetCore.Mvc.Infrastructure.ControllerActionInvoker.Next(State& next, Scope& scope, Object& state, Boolean& isCompleted)
   at Microsoft.AspNetCore.Mvc.Infrastructure.ControllerActionInvoker.InvokeInnerFilterAsync()
--- End of stack trace from previous location ---
   at Microsoft.AspNetCore.Mvc.Infrastructure.ResourceInvoker.<InvokeFilterPipelineAsync>g__Awaited|20_0(ResourceInvoker invoker, Task lastTask, State next, Scope scope, Object state, Boolean isCompleted)
   at Microsoft.AspNetCore.Mvc.Infrastructure.ResourceInvoker.<InvokeAsync>g__Logged|17_1(ResourceInvoker invoker)
   at Microsoft.AspNetCore.Mvc.Infrastructure.ResourceInvoker.<InvokeAsync>g__Logged|17_1(ResourceInvoker invoker)
   at Microsoft.AspNetCore.Authorization.AuthorizationMiddleware.Invoke(HttpContext context)
   at Swashbuckle.AspNetCore.SwaggerUI.SwaggerUIMiddleware.Invoke(HttpContext httpContext)
   at Swashbuckle.AspNetCore.Swagger.SwaggerMiddleware.Invoke(HttpContext httpContext, ISwaggerProvider swaggerProvider)
   at Microsoft.AspNetCore.Authentication.AuthenticationMiddleware.Invoke(HttpContext context)
   at Microsoft.AspNetCore.Diagnostics.DeveloperExceptionPageMiddlewareImpl.Invoke(HttpContext context)

2024-03-21 16:30:24,055 [1] INFO  Microsoft.Hosting.Lifetime [?] - Now listening on: http://localhost:5108 

2024-03-21 16:30:24,125 [1] INFO  Microsoft.Hosting.Lifetime [0] - Application started. Press Ctrl+C to shut down. 

2024-03-21 16:30:24,128 [1] INFO  Microsoft.Hosting.Lifetime [0] - Hosting environment: Development 

2024-03-21 16:30:24,130 [1] INFO  Microsoft.Hosting.Lifetime [0] - Content root path: D:\programSoftware\file\c#\ASP.NET Core\AgiletyFramework\AgiletyFramework.WebApi 

2024-03-21 16:30:36,195 [7] INFO  Microsoft.EntityFrameworkCore.Database.Command [?] - Executed DbCommand (50ms) [Parameters=[@p0='?' (Size = 4000), @p1='?' (DbType = DateTime2), @p2='?' (Size = 4000), @p3='?' (DbType = Int32), @p4='?' (Size = 4000), @p5='?' (DbType = DateTime2), @p6='?' (Size = 4000), @p7='?' (DbType = DateTime2), @p8='?' (Size = 20), @p9='?' (Size = 4000), @p10='?' (Size = 4000), @p11='?' (DbType = Int32), @p12='?' (DbType = Int32), @p13='?' (Size = 4000)], CommandType='Text', CommandTimeout='30']
SET IMPLICIT_TRANSACTIONS OFF;
SET NOCOUNT ON;
INSERT INTO [User] ([Address], [CreateTime], [Email], [Gender], [Imageurl], [LastLoginTime], [Mobile], [ModifyTime], [Name], [Password], [Phone], [Status], [UserType], [WeChat])
OUTPUT INSERTED.[Id]
VALUES (@p0, @p1, @p2, @p3, @p4, @p5, @p6, @p7, @p8, @p9, @p10, @p11, @p12, @p13); 
